Using pre-set license
Built from '2021.3/release' branch; Version is '2021.3.38f1 (7a2fa5d8d101) revision 8007589'; Using compiler version '192829333'; Build Type 'Release'
OS: 'Windows 11  (10.0.22631) 64bit Core' Language: 'en' Physical Memory: 31904 MB
BatchMode: 1, IsHumanControllingUs: 0, StartBugReporterOnCrash: 0, Is64bit: 1, IsPro: 1

COMMAND LINE ARGUMENTS:
C:\Program Files\Unity\Hub\Editor\2021.3.38f1\Editor\Unity.exe
-adb2
-batchMode
-noUpm
-name
AssetImportWorker4
-projectPath
E:/UnityProjects/GameJam/ScalableGameJam/GameJamScalable
-logFile
Logs/AssetImportWorker4.log
-srvPort
58342
Successfully changed project path to: E:/UnityProjects/GameJam/ScalableGameJam/GameJamScalable
E:/UnityProjects/GameJam/ScalableGameJam/GameJamScalable
[UnityMemory] Configuration Parameters - Can be set up in boot.config
    "memorysetup-bucket-allocator-granularity=16"
    "memorysetup-bucket-allocator-bucket-count=8"
    "memorysetup-bucket-allocator-block-size=33554432"
    "memorysetup-bucket-allocator-block-count=8"
    "memorysetup-main-allocator-block-size=16777216"
    "memorysetup-thread-allocator-block-size=16777216"
    "memorysetup-gfx-main-allocator-block-size=16777216"
    "memorysetup-gfx-thread-allocator-block-size=16777216"
    "memorysetup-cache-allocator-block-size=4194304"
    "memorysetup-typetree-allocator-block-size=2097152"
    "memorysetup-profiler-bucket-allocator-granularity=16"
    "memorysetup-profiler-bucket-allocator-bucket-count=8"
    "memorysetup-profiler-bucket-allocator-block-size=33554432"
    "memorysetup-profiler-bucket-allocator-block-count=8"
    "memorysetup-profiler-allocator-block-size=16777216"
    "memorysetup-profiler-editor-allocator-block-size=1048576"
    "memorysetup-temp-allocator-size-main=16777216"
    "memorysetup-job-temp-allocator-block-size=2097152"
    "memorysetup-job-temp-allocator-block-size-background=1048576"
    "memorysetup-job-temp-allocator-reduction-small-platforms=262144"
    "memorysetup-temp-allocator-size-background-worker=32768"
    "memorysetup-temp-allocator-size-job-worker=262144"
    "memorysetup-temp-allocator-size-preload-manager=33554432"
    "memorysetup-temp-allocator-size-nav-mesh-worker=65536"
    "memorysetup-temp-allocator-size-audio-worker=65536"
    "memorysetup-temp-allocator-size-cloud-worker=32768"
    "memorysetup-temp-allocator-size-gi-baking-worker=262144"
    "memorysetup-temp-allocator-size-gfx=262144"
Player connection [110112] Host "[IP] 192.168.1.57 [Port] 0 [Flags] 2 [Guid] 4246629878 [EditorId] 4246629878 [Version] 1048832 [Id] WindowsEditor(7,DESKTOP-IB3UN2E) [Debug] 1 [PackageName] WindowsEditor [ProjectName] Editor" joined multi-casting on [225.0.0.222:54997]...

Player connection [110112] Host "[IP] 192.168.1.57 [Port] 0 [Flags] 2 [Guid] 4246629878 [EditorId] 4246629878 [Version] 1048832 [Id] WindowsEditor(7,DESKTOP-IB3UN2E) [Debug] 1 [PackageName] WindowsEditor [ProjectName] Editor" joined alternative multi-casting on [225.0.0.222:34997]...

[Physics::Module] Initialized MultithreadedJobDispatcher with {0} workers.
Refreshing native plugins compatible for Editor in 61.44 ms, found 3 plugins.
Preloading 0 native plugins for Editor in 0.00 ms.
Initialize engine version: 2021.3.38f1 (7a2fa5d8d101)
[Subsystems] Discovering subsystems at path C:/Program Files/Unity/Hub/Editor/2021.3.38f1/Editor/Data/Resources/UnitySubsystems
[Subsystems] Discovering subsystems at path E:/UnityProjects/GameJam/ScalableGameJam/GameJamScalable/Assets
GfxDevice: creating device client; threaded=0; jobified=0
Direct3D:
    Version:  Direct3D 11.0 [level 11.1]
    Renderer: NVIDIA GeForce RTX 4080 (ID=0x2704)
    Vendor:   NVIDIA
    VRAM:     16050 MB
    Driver:   32.0.15.6081
Initialize mono
Mono path[0] = 'C:/Program Files/Unity/Hub/Editor/2021.3.38f1/Editor/Data/Managed'
Mono path[1] = 'C:/Program Files/Unity/Hub/Editor/2021.3.38f1/Editor/Data/MonoBleedingEdge/lib/mono/unityjit-win32'
Mono config path = 'C:/Program Files/Unity/Hub/Editor/2021.3.38f1/Editor/Data/MonoBleedingEdge/etc'
Using monoOptions --debugger-agent=transport=dt_socket,embedding=1,server=y,suspend=n,address=127.0.0.1:56000
Begin MonoManager ReloadAssembly
Registering precompiled unity dll's ...
Register platform support module: C:/Program Files/Unity/Hub/Editor/2021.3.38f1/Editor/Data/PlaybackEngines/WindowsStandaloneSupport/UnityEditor.WindowsStandalone.Extensions.dll
Registered in 0.004847 seconds.
Native extension for WindowsStandalone target not found
Refreshing native plugins compatible for Editor in 55.05 ms, found 3 plugins.
Preloading 0 native plugins for Editor in 0.00 ms.
Mono: successfully reloaded assembly
- Completed reload, in  0.477 seconds
Domain Reload Profiling:
	ReloadAssembly (477ms)
		BeginReloadAssembly (70ms)
			ExecutionOrderSort (0ms)
			DisableScriptedObjects (0ms)
			BackupInstance (0ms)
			ReleaseScriptingObjects (0ms)
			CreateAndSetChildDomain (1ms)
		EndReloadAssembly (336ms)
			LoadAssemblies (68ms)
			RebuildTransferFunctionScriptingTraits (0ms)
			SetupTypeCache (71ms)
			ReleaseScriptCaches (0ms)
			RebuildScriptCaches (19ms)
			SetupLoadedEditorAssemblies (214ms)
				LogAssemblyErrors (0ms)
				InitializePlatformSupportModulesInManaged (5ms)
				SetLoadedEditorAssemblies (0ms)
				RefreshPlugins (55ms)
				BeforeProcessingInitializeOnLoad (1ms)
				ProcessInitializeOnLoadAttributes (105ms)
				ProcessInitializeOnLoadMethodAttributes (48ms)
				AfterProcessingInitializeOnLoad (0ms)
				EditorAssembliesLoaded (0ms)
			ExecutionOrderSort2 (0ms)
			AwakeInstancesAfterBackupRestoration (0ms)
Platform modules already initialized, skipping
Registering precompiled user dll's ...
Registered in 0.008017 seconds.
Begin MonoManager ReloadAssembly
Symbol file data-000001D2CF1D3010 doesn't match image E:\UnityProjects\GameJam\ScalableGameJam\GameJamScalable\Library\ScriptAssemblies\Unity.VisualScripting.Flow.Editor.dll
Symbol file LoadedFromMemory is not a mono symbol file
Symbol file data-000001D2CF1D3010 doesn't match image E:\UnityProjects\GameJam\ScalableGameJam\GameJamScalable\Library\ScriptAssemblies\Purchasing.Common.dll
Symbol file LoadedFromMemory is not a mono symbol file
Symbol file data-000001D2CF1DE620 doesn't match image E:\UnityProjects\GameJam\ScalableGameJam\GameJamScalable\Library\ScriptAssemblies\Unity.VSCode.Editor.dll
Symbol file LoadedFromMemory is not a mono symbol file
Symbol file data-000001D2CF207430 doesn't match image E:\UnityProjects\GameJam\ScalableGameJam\GameJamScalable\Library\ScriptAssemblies\Unity.2D.Tilemap.Editor.dll
Symbol file LoadedFromMemory is not a mono symbol file
Symbol file data-000001D2CF212640 doesn't match image E:\UnityProjects\GameJam\ScalableGameJam\GameJamScalable\Library\ScriptAssemblies\UnityEngine.Purchasing.dll
Symbol file LoadedFromMemory is not a mono symbol file
Symbol file data-000001D2CEF7B590 doesn't match image E:\UnityProjects\GameJam\ScalableGameJam\GameJamScalable\Library\ScriptAssemblies\UnityEngine.Purchasing.WinRTCore.dll
Symbol file LoadedFromMemory is not a mono symbol file
Symbol file data-000001D2CF212640 doesn't match image E:\UnityProjects\GameJam\ScalableGameJam\GameJamScalable\Library\ScriptAssemblies\Unity.TextMeshPro.Editor.dll
Symbol file LoadedFromMemory is not a mono symbol file
Symbol file data-000001D2CEF7B590 doesn't match image E:\UnityProjects\GameJam\ScalableGameJam\GameJamScalable\Library\ScriptAssemblies\Unity.Services.Core.Telemetry.dll
Symbol file LoadedFromMemory is not a mono symbol file
Symbol file data-000001D2D042C020 doesn't match image E:\UnityProjects\GameJam\ScalableGameJam\GameJamScalable\Library\ScriptAssemblies\Unity.Performance.Profile-Analyzer.Editor.dll
Symbol file LoadedFromMemory is not a mono symbol file
Symbol file data-000001D2CEF7B590 doesn't match image E:\UnityProjects\GameJam\ScalableGameJam\GameJamScalable\Library\ScriptAssemblies\UnityEngine.Purchasing.AppleMacosStub.dll
Symbol file LoadedFromMemory is not a mono symbol file
Symbol file data-000001D2CF212640 doesn't match image E:\UnityProjects\GameJam\ScalableGameJam\GameJamScalable\Library\ScriptAssemblies\Unity.VisualStudio.Editor.dll
Symbol file LoadedFromMemory is not a mono symbol file
Symbol file data-000001D2CF218250 doesn't match image E:\UnityProjects\GameJam\ScalableGameJam\GameJamScalable\Library\ScriptAssemblies\Unity.TestTools.CodeCoverage.Editor.OpenCover.Model.dll
Symbol file LoadedFromMemory is not a mono symbol file
Symbol file data-000001D2CF218250 doesn't match image E:\UnityProjects\GameJam\ScalableGameJam\GameJamScalable\Library\ScriptAssemblies\UnityEngine.TestRunner.dll
Symbol file LoadedFromMemory is not a mono symbol file
Symbol file data-000001D2CCFD3C20 doesn't match image E:\UnityProjects\GameJam\ScalableGameJam\GameJamScalable\Library\ScriptAssemblies\Unity.Timeline.dll
Symbol file LoadedFromMemory is not a mono symbol file
Symbol file data-000001D2CF12D010 doesn't match image E:\UnityProjects\GameJam\ScalableGameJam\GameJamScalable\Library\ScriptAssemblies\Unity.VisualScripting.Core.Editor.dll
Symbol file LoadedFromMemory is not a mono symbol file
Symbol file data-000001D2CCFD3C20 doesn't match image E:\UnityProjects\GameJam\ScalableGameJam\GameJamScalable\Library\ScriptAssemblies\Unity.TextMeshPro.dll
Symbol file LoadedFromMemory is not a mono symbol file
Symbol file data-000001D2CEF7B590 doesn't match image E:\UnityProjects\GameJam\ScalableGameJam\GameJamScalable\Library\ScriptAssemblies\UnityEngine.Purchasing.SecurityStub.dll
Symbol file LoadedFromMemory is not a mono symbol file
Symbol file data-000001D2CF218250 doesn't match image E:\UnityProjects\GameJam\ScalableGameJam\GameJamScalable\Library\ScriptAssemblies\Unity.VisualScripting.State.Editor.dll
Symbol file LoadedFromMemory is not a mono symbol file
Symbol file data-000001D2D0120090 doesn't match image E:\UnityProjects\GameJam\ScalableGameJam\GameJamScalable\Library\ScriptAssemblies\UnityEditor.TestRunner.dll
Symbol file LoadedFromMemory is not a mono symbol file
Symbol file data-000001D2CEF7B590 doesn't match image E:\UnityProjects\GameJam\ScalableGameJam\GameJamScalable\Library\ScriptAssemblies\Unity.Services.Core.Networking.dll
Symbol file LoadedFromMemory is not a mono symbol file
Symbol file data-000001D2CD019040 doesn't match image E:\UnityProjects\GameJam\ScalableGameJam\GameJamScalable\Library\ScriptAssemblies\Unity.VisualScripting.SettingsProvider.Editor.dll
Symbol file LoadedFromMemory is not a mono symbol file
Symbol file data-000001D2D015ACB0 doesn't match image E:\UnityProjects\GameJam\ScalableGameJam\GameJamScalable\Library\ScriptAssemblies\Unity.2D.Sprite.Editor.dll
Symbol file LoadedFromMemory is not a mono symbol file
Symbol file data-000001D2CD019040 doesn't match image E:\UnityProjects\GameJam\ScalableGameJam\GameJamScalable\Library\ScriptAssemblies\Unity.TestTools.CodeCoverage.Editor.OpenCover.Mono.Reflection.dll
Symbol file LoadedFromMemory is not a mono symbol file
Symbol file data-000001D2CF218250 doesn't match image E:\UnityProjects\GameJam\ScalableGameJam\GameJamScalable\Library\ScriptAssemblies\UnityEngine.Advertisements.dll
Symbol file LoadedFromMemory is not a mono symbol file
Symbol file data-000001D2D0162CC0 doesn't match image E:\UnityProjects\GameJam\ScalableGameJam\GameJamScalable\Library\ScriptAssemblies\Unity.VisualScripting.Flow.dll
Symbol file LoadedFromMemory is not a mono symbol file
Symbol file data-000001D2CF218250 doesn't match image E:\UnityProjects\GameJam\ScalableGameJam\GameJamScalable\Library\ScriptAssemblies\UnityEditor.UI.dll
Symbol file LoadedFromMemory is not a mono symbol file
Symbol file data-000001D2CF892010 doesn't match image E:\UnityProjects\GameJam\ScalableGameJam\GameJamScalable\Library\ScriptAssemblies\Unity.PlasticSCM.Editor.dll
Symbol file LoadedFromMemory is not a mono symbol file
Symbol file data-000001D2D0188CE0 doesn't match image E:\UnityProjects\GameJam\ScalableGameJam\GameJamScalable\Library\ScriptAssemblies\Unity.Rider.Editor.dll
Symbol file LoadedFromMemory is not a mono symbol file
Symbol file data-000001D2C4E76470 doesn't match image E:\UnityProjects\GameJam\ScalableGameJam\GameJamScalable\Library\ScriptAssemblies\Analytics.dll
Symbol file LoadedFromMemory is not a mono symbol file
Symbol file data-000001D2D0188CE0 doesn't match image E:\UnityProjects\GameJam\ScalableGameJam\GameJamScalable\Library\ScriptAssemblies\Unity.Services.Core.Internal.dll
Symbol file LoadedFromMemory is not a mono symbol file
Symbol file data-000001D2CF416030 doesn't match image E:\UnityProjects\GameJam\ScalableGameJam\GameJamScalable\Library\ScriptAssemblies\UnityEngine.UI.dll
Symbol file LoadedFromMemory is not a mono symbol file
Symbol file data-000001D2CF220260 doesn't match image E:\UnityProjects\GameJam\ScalableGameJam\GameJamScalable\Library\ScriptAssemblies\UnityEngine.SpatialTracking.dll
Symbol file LoadedFromMemory is not a mono symbol file
Symbol file data-000001D2CF220260 doesn't match image E:\UnityProjects\GameJam\ScalableGameJam\GameJamScalable\Library\ScriptAssemblies\Unity.Services.Core.Configuration.dll
Symbol file LoadedFromMemory is not a mono symbol file
Symbol file data-000001D2CF220260 doesn't match image E:\UnityProjects\GameJam\ScalableGameJam\GameJamScalable\Library\ScriptAssemblies\UnityEngine.Purchasing.WinRTStub.dll
Symbol file LoadedFromMemory is not a mono symbol file
Symbol file data-000001D2CF220260 doesn't match image E:\UnityProjects\GameJam\ScalableGameJam\GameJamScalable\Library\ScriptAssemblies\UnityEngine.Purchasing.AppleCore.dll
Symbol file LoadedFromMemory is not a mono symbol file
Symbol file data-000001D2CF8CF420 doesn't match image E:\UnityProjects\GameJam\ScalableGameJam\GameJamScalable\Library\ScriptAssemblies\Unity.VisualScripting.Core.dll
Symbol file LoadedFromMemory is not a mono symbol file
Symbol file data-000001D2CF301230 doesn't match image E:\UnityProjects\GameJam\ScalableGameJam\GameJamScalable\Library\ScriptAssemblies\Unity.EditorCoroutines.Editor.dll
Symbol file LoadedFromMemory is not a mono symbol file
Symbol file data-000001D2CF220260 doesn't match image E:\UnityProjects\GameJam\ScalableGameJam\GameJamScalable\Library\ScriptAssemblies\Unity.Services.Core.dll
Symbol file LoadedFromMemory is not a mono symbol file
Symbol file data-000001D2CF431240 doesn't match image E:\UnityProjects\GameJam\ScalableGameJam\GameJamScalable\Library\ScriptAssemblies\Unity.Services.Core.Editor.dll
Symbol file LoadedFromMemory is not a mono symbol file
Symbol file data-000001D2D0188CE0 doesn't match image E:\UnityProjects\GameJam\ScalableGameJam\GameJamScalable\Library\ScriptAssemblies\Unity.Services.Core.Configuration.Editor.dll
Symbol file LoadedFromMemory is not a mono symbol file
Symbol file data-000001D2D0188CE0 doesn't match image E:\UnityProjects\GameJam\ScalableGameJam\GameJamScalable\Library\ScriptAssemblies\Unity.Analytics.DataPrivacy.dll
Symbol file LoadedFromMemory is not a mono symbol file
Symbol file data-000001D2CF439250 doesn't match image E:\UnityProjects\GameJam\ScalableGameJam\GameJamScalable\Library\ScriptAssemblies\Unity.Services.Core.Analytics.dll
Symbol file LoadedFromMemory is not a mono symbol file
Symbol file data-000001D2D0188CE0 doesn't match image E:\UnityProjects\GameJam\ScalableGameJam\GameJamScalable\Library\ScriptAssemblies\UnityEngine.Purchasing.SecurityCore.dll
Symbol file LoadedFromMemory is not a mono symbol file
Symbol file data-000001D2D018D0F0 doesn't match image E:\UnityProjects\GameJam\ScalableGameJam\GameJamScalable\Library\ScriptAssemblies\Unity.Services.Core.Registration.dll
Symbol file LoadedFromMemory is not a mono symbol file
Symbol file data-000001D2CF8CF420 doesn't match image E:\UnityProjects\GameJam\ScalableGameJam\GameJamScalable\Library\ScriptAssemblies\UnityEngine.Purchasing.Codeless.dll
Symbol file LoadedFromMemory is not a mono symbol file
Symbol file data-000001D2CF8D4C30 doesn't match image E:\UnityProjects\GameJam\ScalableGameJam\GameJamScalable\Library\ScriptAssemblies\UnityEngine.XR.LegacyInputHelpers.dll
Symbol file LoadedFromMemory is not a mono symbol file
Symbol file data-000001D2CF8F8640 doesn't match image E:\UnityProjects\GameJam\ScalableGameJam\GameJamScalable\Library\ScriptAssemblies\Unity.Services.Core.Environments.Editor.dll
Symbol file LoadedFromMemory is not a mono symbol file
Symbol file data-000001D2CF8F8640 doesn't match image E:\UnityProjects\GameJam\ScalableGameJam\GameJamScalable\Library\ScriptAssemblies\Unity.VisualScripting.Shared.Editor.dll
Symbol file LoadedFromMemory is not a mono symbol file
Symbol file data-000001D2CF8F8640 doesn't match image E:\UnityProjects\GameJam\ScalableGameJam\GameJamScalable\Library\ScriptAssemblies\Unity.Services.Core.Environments.dll
Symbol file LoadedFromMemory is not a mono symbol file
Symbol file data-000001D2CF901A50 doesn't match image E:\UnityProjects\GameJam\ScalableGameJam\GameJamScalable\Library\ScriptAssemblies\Unity.Settings.Editor.dll
Symbol file LoadedFromMemory is not a mono symbol file
Symbol file data-000001D2CF904460 doesn't match image E:\UnityProjects\GameJam\ScalableGameJam\GameJamScalable\Library\ScriptAssemblies\Unity.Services.Core.Scheduler.dll
Symbol file LoadedFromMemory is not a mono symbol file
Symbol file data-000001D2CF904460 doesn't match image E:\UnityProjects\GameJam\ScalableGameJam\GameJamScalable\Library\ScriptAssemblies\Unity.Services.Core.Environments.Internal.dll
Symbol file LoadedFromMemory is not a mono symbol file
Symbol file data-000001D2CCDC4C90 doesn't match image E:\UnityProjects\GameJam\ScalableGameJam\GameJamScalable\Library\ScriptAssemblies\Unity.Timeline.Editor.dll
Symbol file LoadedFromMemory is not a mono symbol file
Symbol file data-000001D2CF904460 doesn't match image E:\UnityProjects\GameJam\ScalableGameJam\GameJamScalable\Library\ScriptAssemblies\UnityEngine.Purchasing.Stores.dll
Symbol file LoadedFromMemory is not a mono symbol file
Symbol file data-000001D2CF904460 doesn't match image E:\UnityProjects\GameJam\ScalableGameJam\GameJamScalable\Library\ScriptAssemblies\UnityEditor.XR.LegacyInputHelpers.dll
Symbol file LoadedFromMemory is not a mono symbol file
Symbol file data-000001D2CF904460 doesn't match image E:\UnityProjects\GameJam\ScalableGameJam\GameJamScalable\Library\ScriptAssemblies\Unity.CollabProxy.Editor.dll
Symbol file LoadedFromMemory is not a mono symbol file
Symbol file data-000001D2CF904460 doesn't match image E:\UnityProjects\GameJam\ScalableGameJam\GameJamScalable\Library\ScriptAssemblies\Unity.Services.Core.Threading.dll
Symbol file LoadedFromMemory is not a mono symbol file
Symbol file data-000001D2CF904460 doesn't match image E:\UnityProjects\GameJam\ScalableGameJam\GameJamScalable\Library\ScriptAssemblies\UnityEditor.Purchasing.dll
Symbol file LoadedFromMemory is not a mono symbol file
Symbol file data-000001D2CF904460 doesn't match image E:\UnityProjects\GameJam\ScalableGameJam\GameJamScalable\Library\ScriptAssemblies\UnityEngine.Purchasing.AppleStub.dll
Symbol file LoadedFromMemory is not a mono symbol file
Symbol file data-000001D2CF904460 doesn't match image E:\UnityProjects\GameJam\ScalableGameJam\GameJamScalable\Library\ScriptAssemblies\UnityEditor.SpatialTracking.dll
Symbol file LoadedFromMemory is not a mono symbol file
Symbol file data-000001D2CF909670 doesn't match image E:\UnityProjects\GameJam\ScalableGameJam\GameJamScalable\Library\ScriptAssemblies\UnityEngine.Advertisements.DevX.Editor.dll
Symbol file LoadedFromMemory is not a mono symbol file
Symbol file data-000001D2CCE220D0 doesn't match image E:\UnityProjects\GameJam\ScalableGameJam\GameJamScalable\Library\ScriptAssemblies\Unity.TestTools.CodeCoverage.Editor.dll
Symbol file LoadedFromMemory is not a mono symbol file
Symbol file data-000001D2CF9126D0 doesn't match image E:\UnityProjects\GameJam\ScalableGameJam\GameJamScalable\Library\ScriptAssemblies\UnityEngine.Advertisements.Editor.dll
Symbol file LoadedFromMemory is not a mono symbol file
Symbol file data-000001D2CCE220D0 doesn't match image E:\UnityProjects\GameJam\ScalableGameJam\GameJamScalable\Library\ScriptAssemblies\Unity.VisualScripting.State.dll
Symbol file LoadedFromMemory is not a mono symbol file
Symbol file data-000001D2CCE220D0 doesn't match image E:\UnityProjects\GameJam\ScalableGameJam\GameJamScalable\Library\ScriptAssemblies\Unity.Services.Core.Device.dll
Symbol file LoadedFromMemory is not a mono symbol file
Symbol file LoadedFromMemory is not a mono symbol file
Native extension for WindowsStandalone target not found
Refreshing native plugins compatible for Editor in 0.77 ms, found 3 plugins.
Preloading 0 native plugins for Editor in 0.00 ms.
Package Manager log level set to [2]
[Package Manager] Server::EnsureServerProcessIsRunning -- launch failed, reason: Unity was launched with the -noUpm command-line argument
[Package Manager] Cannot connect to Unity Package Manager local server
Mono: successfully reloaded assembly
- Completed reload, in  1.225 seconds
Domain Reload Profiling:
	ReloadAssembly (1226ms)
		BeginReloadAssembly (97ms)
			ExecutionOrderSort (0ms)
			DisableScriptedObjects (4ms)
			BackupInstance (0ms)
			ReleaseScriptingObjects (0ms)
			CreateAndSetChildDomain (17ms)
		EndReloadAssembly (1044ms)
			LoadAssemblies (91ms)
			RebuildTransferFunctionScriptingTraits (0ms)
			SetupTypeCache (192ms)
			ReleaseScriptCaches (1ms)
			RebuildScriptCaches (36ms)
			SetupLoadedEditorAssemblies (711ms)
				LogAssemblyErrors (0ms)
				InitializePlatformSupportModulesInManaged (4ms)
				SetLoadedEditorAssemblies (0ms)
				RefreshPlugins (1ms)
				BeforeProcessingInitializeOnLoad (89ms)
				ProcessInitializeOnLoadAttributes (522ms)
				ProcessInitializeOnLoadMethodAttributes (88ms)
				AfterProcessingInitializeOnLoad (6ms)
				EditorAssembliesLoaded (0ms)
			ExecutionOrderSort2 (0ms)
			AwakeInstancesAfterBackupRestoration (6ms)
Platform modules already initialized, skipping
========================================================================
Worker process is ready to serve import requests
Launched and connected shader compiler UnityShaderCompiler.exe after 0.07 seconds
Refreshing native plugins compatible for Editor in 1.33 ms, found 3 plugins.
Preloading 0 native plugins for Editor in 0.00 ms.
Unloading 4084 Unused Serialized files (Serialized files now loaded: 0)
Unloading 59 unused Assets / (47.4 KB). Loaded Objects now: 4522.
Memory consumption went from 135.5 MB to 135.4 MB.
Total: 8.740600 ms (FindLiveObjects: 0.532000 ms CreateObjectMapping: 0.115200 ms MarkObjects: 8.007600 ms  DeleteObjects: 0.084200 ms)

AssetImportParameters requested are different than current active one (requested -> active):
  custom:video-decoder-ogg-theora: a1e56fd34408186e4bbccfd4996cb3dc -> 
  custom:container-muxer-webm: aa71ff27fc2769a1b78a27578f13a17b -> 
  custom:container-demuxer-webm: 4f35f7cbe854078d1ac9338744f61a02 -> 
  custom:video-encoder-webm-vp8: eb34c28f22e8b96e1ab97ce403110664 -> 
  custom:video-codec-MediaFoundation-h265: 746d11721c4dcdbdad8f713fa42b33f4 -> 
  custom:CustomObjectIndexerAttribute: bc11b3a6c3213fcdd17b65e7da85e133 -> 
  custom:audio-encoder-webm-vorbis: bf7c407c2cedff20999df2af8eb42d56 -> 
  custom:framework-win-MediaFoundation: 216162199b28c13a410421893ffa2e32 -> 
  custom:SearchIndexIgnoredProperties: e643bd26f0fe6173181afceb89e7c659 -> 
  custom:container-demuxer-ogg: 62fdf1f143b41e24485cea50d1cbac27 -> 
  custom:video-decoder-webm-vp8: 9c59270c3fd7afecdb556c50c9e8de78 -> 
  custom:audio-decoder-ogg-vorbis: bf7c407c2cedff20999df2af8eb42d56 -> 
========================================================================
Received Import Request.
  Time since last request: 25468.006993 seconds.
  path: Assets/DevinAssets/StreetLampType3Free/Materials/LampMetal.mat
  artifactKey: Guid(bc11ead518e9d024893df2ebe6e1b123) Importer(815301076,1909f56bfc062723c751e8b465ee728b)
Number of updated assets reloaded before import = 0
Start importing Assets/DevinAssets/StreetLampType3Free/Materials/LampMetal.mat using Guid(bc11ead518e9d024893df2ebe6e1b123) Importer(815301076,1909f56bfc062723c751e8b465ee728b)  -> (artifact id: '27ec807aaa790479eefd44a06f385b60') in 0.138604 seconds 
Number of asset objects unloaded after import = 4
========================================================================
Received Import Request.
  Time since last request: 132.740762 seconds.
  path: Assets/DevinAssets/StreetLampType3Free/Materials/LampGlass 1.mat
  artifactKey: Guid(22f77e520eff8f9479363f45c5b07f1e) Importer(815301076,1909f56bfc062723c751e8b465ee728b)
Number of updated assets reloaded before import = 0
Start importing Assets/DevinAssets/StreetLampType3Free/Materials/LampGlass 1.mat using Guid(22f77e520eff8f9479363f45c5b07f1e) Importer(815301076,1909f56bfc062723c751e8b465ee728b)  -> (artifact id: 'a08c174b868fae441f53d86b9fbc17fa') in 0.026491 seconds 
Number of asset objects unloaded after import = 4
========================================================================
Received Import Request.
  Time since last request: 6.884934 seconds.
  path: Assets/DevinAssets/StreetLampType3Free/Materials/UnlitCheckpoint.mat
  artifactKey: Guid(22f77e520eff8f9479363f45c5b07f1e) Importer(815301076,1909f56bfc062723c751e8b465ee728b)
Number of updated assets reloaded before import = 0
Start importing Assets/DevinAssets/StreetLampType3Free/Materials/UnlitCheckpoint.mat using Guid(22f77e520eff8f9479363f45c5b07f1e) Importer(815301076,1909f56bfc062723c751e8b465ee728b)  -> (artifact id: '45d3e1d4fdeed69ae0140e9f41be905d') in 0.019797 seconds 
Number of asset objects unloaded after import = 4
========================================================================
Received Import Request.
  Time since last request: 7.199000 seconds.
  path: Assets/DevinAssets/StreetLampType3Free/Materials/LitCheckpoint.mat
  artifactKey: Guid(2e5eb77dc76664142b506169c1ea8989) Importer(815301076,1909f56bfc062723c751e8b465ee728b)
Number of updated assets reloaded before import = 0
Start importing Assets/DevinAssets/StreetLampType3Free/Materials/LitCheckpoint.mat using Guid(2e5eb77dc76664142b506169c1ea8989) Importer(815301076,1909f56bfc062723c751e8b465ee728b)  -> (artifact id: '76e7b094a3a9b443e845d474e254170b') in 0.020814 seconds 
Number of asset objects unloaded after import = 4
========================================================================
Received Import Request.
  Time since last request: 15.475439 seconds.
  path: Assets/DevinAssets/Dark UI
  artifactKey: Guid(c5323d2908335584f99a8696bdf80732) Importer(815301076,1909f56bfc062723c751e8b465ee728b)
Number of updated assets reloaded before import = 0
Start importing Assets/DevinAssets/Dark UI using Guid(c5323d2908335584f99a8696bdf80732) Importer(815301076,1909f56bfc062723c751e8b465ee728b)  -> (artifact id: 'ed3a35f3807b8f082b6b18ee154eea5f') in 0.007054 seconds 
Number of asset objects unloaded after import = 0
========================================================================
Received Import Request.
  Time since last request: 2.849147 seconds.
  path: Assets/DevinAssets/StreetLampType3Free/Materials
  artifactKey: Guid(d6e1d152ef0611644b2423996073b4ba) Importer(815301076,1909f56bfc062723c751e8b465ee728b)
Number of updated assets reloaded before import = 0
Start importing Assets/DevinAssets/StreetLampType3Free/Materials using Guid(d6e1d152ef0611644b2423996073b4ba) Importer(815301076,1909f56bfc062723c751e8b465ee728b)  -> (artifact id: '12baceeb145111d810fa26833affa46a') in 0.006780 seconds 
Number of asset objects unloaded after import = 0
========================================================================
Received Import Request.
  Time since last request: 6.054273 seconds.
  path: Assets/DevinAssets/StreetLampType3Free/Textures/Unity-2048/street_lamp_3_LampGlass_MetallicSmoothness.png
  artifactKey: Guid(33dd8011a02140541a4317d14c53f715) Importer(815301076,1909f56bfc062723c751e8b465ee728b)
Number of updated assets reloaded before import = 0
Start importing Assets/DevinAssets/StreetLampType3Free/Textures/Unity-2048/street_lamp_3_LampGlass_MetallicSmoothness.png using Guid(33dd8011a02140541a4317d14c53f715) Importer(815301076,1909f56bfc062723c751e8b465ee728b)  -> (artifact id: '27b3f84937e206bf4635ea2d93754dfb') in 0.062121 seconds 
Number of asset objects unloaded after import = 2
========================================================================
Received Import Request.
  Time since last request: 0.000013 seconds.
  path: Assets/DevinAssets/StreetLampType3Free/Textures/Unity-2048/street_lamp_3_LampMetal_Normal.png
  artifactKey: Guid(c24e4a63108d05d409cbbab2eaf6472c) Importer(815301076,1909f56bfc062723c751e8b465ee728b)
Number of updated assets reloaded before import = 0
Start importing Assets/DevinAssets/StreetLampType3Free/Textures/Unity-2048/street_lamp_3_LampMetal_Normal.png using Guid(c24e4a63108d05d409cbbab2eaf6472c) Importer(815301076,1909f56bfc062723c751e8b465ee728b)  -> (artifact id: '377337dffe02bdfa1167876d66fe04b1') in 0.031135 seconds 
Number of asset objects unloaded after import = 2
Editor requested this worker to shutdown with reason: Scaling down because of idle timeout
AssetImportWorker is now disconnected from the server
Process exiting
Exiting without the bug reporter. Application will terminate with return code 0